[17:54:47] [main/INFO]: Setting user: Player234
[17:54:48] [Client thread/INFO]: LWJGL Version: 2.9.1
[17:54:57] [Client thread/INFO]: Reloading ResourceManager: Default, FMLFileResourcePack:Forge Mod Loader, FMLFileResourcePack:Minecraft Forge, FMLFileResourcePack:Geologia, FMLFileResourcePack:Botania, FMLFileResourcePack:Baubles
[17:55:00] [Sound Library Loader/INFO]: Sound engine started
[17:55:01] [Client thread/INFO]: Created: 16x16 textures/blocks-atlas
[17:55:01] [Client thread/INFO]: Created: 16x16 textures/items-atlas
[17:55:01] [Client thread/INFO]: Reloading ResourceManager: Default, FMLFileResourcePack:Forge Mod Loader, FMLFileResourcePack:Minecraft Forge, FMLFileResourcePack:Geologia, FMLFileResourcePack:Botania, FMLFileResourcePack:Baubles
[17:55:02] [Client thread/INFO]: Created: 512x512 textures/blocks-atlas
[17:55:02] [Client thread/INFO]: Created: 512x512 textures/items-atlas
[17:55:03] [Sound Library Loader/INFO]: Sound engine started
[17:55:16] [Server thread/INFO]: Starting integrated minecraft server version 1.7.10
[17:55:16] [Server thread/INFO]: Generating keypair
[17:55:17] [Server thread/INFO]: Preparing start region for level 0
[17:55:18] [Server thread/INFO]: Changing view distance to 9, from 10
[17:55:18] [Server thread/INFO]: Player234[local:E:0783f5b9] logged in with entity id 312 at (-113.29184172229044, 73.0, 223.69999998807907)
[17:55:18] [Server thread/INFO]: Player234 joined the game
[17:55:18] [Client thread/INFO]: [CHAT] No, you can't have fries with your Botania Update.
[17:55:18] [Client thread/INFO]: [CHAT] You are running Botania build 221, the latest is build 223.
[17:55:18] [Client thread/INFO]: [CHAT] Click for... [Download] [Website] [Changelog]
[17:55:22] [Server thread/INFO]: Player234 has just earned the achievement [Taking Inventory]
[17:55:22] [Client thread/INFO]: [CHAT] Player234 has just earned the achievement [Taking Inventory]
[17:58:00] [Server thread/INFO]: Saving and pausing game...
[17:58:00] [Server thread/INFO]: Saving chunks for level 'New World'/Overworld
[17:58:00] [Server thread/INFO]: Saving chunks for level 'New World'/Nether
[17:58:00] [Server thread/INFO]: Saving chunks for level 'New World'/The End
[17:58:01] [Server thread/INFO]: Stopping server
[17:58:01] [Server thread/INFO]: Saving players
[17:58:01] [Server thread/INFO]: Saving worlds
[17:58:01] [Server thread/INFO]: Saving chunks for level 'New World'/Overworld
[17:58:01] [Server thread/INFO]: Saving chunks for level 'New World'/Nether
[17:58:01] [Server thread/INFO]: Saving chunks for level 'New World'/The End
[17:58:07] [Client thread/INFO]: Stopping!
